<?xml version="1.0" encoding="utf-8"?><testsuites name="pytest tests"><testsuite name="pytest" errors="0" failures="1" skipped="0" tests="15" time="28.005" timestamp="2026-05-09T06:36:01.108180+00:00" hostname="agent-env-d6fcb297-a6ec-4808-b623-dd05ddb49d90"><testcase classname="backend.tests.backend_test" name="test_register" time="0.455"><failure message="AssertionError: assert 'test_2a91c09c@test.com' == 'TEST_2a91c09c@test.com'&#10;  &#10;  - TEST_2a91c09c@test.com&#10;  ? ^^^^&#10;  + test_2a91c09c@test.com&#10;  ? ^^^^">backend/tests/backend_test.py:25: in test_register
    assert new_user["user"]["email"] == new_user["email"]
E   AssertionError: assert 'test_2a91c09c@test.com' == 'TEST_2a91c09c@test.com'
E     
E     - TEST_2a91c09c@test.com
E     ? ^^^^
E     + test_2a91c09c@test.com
E     ? ^^^^</failure></testcase><testcase classname="backend.tests.backend_test" name="test_login_invalid" time="0.142" /><testcase classname="backend.tests.backend_test" name="test_me" time="0.423" /><testcase classname="backend.tests.backend_test" name="test_me_no_token" time="0.133" /><testcase classname="backend.tests.backend_test" name="test_room_create_get_list" time="0.360" /><testcase classname="backend.tests.backend_test" name="test_room_404" time="0.100" /><testcase classname="backend.tests.backend_test" name="test_execute_python" time="0.278" /><testcase classname="backend.tests.backend_test" name="test_execute_javascript" time="0.221" /><testcase classname="backend.tests.backend_test" name="test_execute_unsupported_returns_message" time="0.201" /><testcase classname="backend.tests.backend_test" name="test_ai_endpoints[ai-review-payload0]" time="6.218" /><testcase classname="backend.tests.backend_test" name="test_ai_endpoints[ai-quickfix-payload1]" time="0.842" /><testcase classname="backend.tests.backend_test" name="test_ai_endpoints[ai-explain-payload2]" time="1.209" /><testcase classname="backend.tests.backend_test" name="test_ai_endpoints[ai-generate-payload3]" time="4.562" /><testcase classname="backend.tests.backend_test" name="test_ai_endpoints[ai-optimize-payload4]" time="12.665" /><testcase classname="backend.tests.backend_test" name="test_socketio_handshake" time="0.115" /></testsuite></testsuites>